<?xml version="1.0" encoding="UTF-8"?>
<!-- Generated by org.testng.reporters.JUnitReportReporter -->
<testsuite skipped="0" hostname="DEVBHUMI" name="test.Test1" tests="1" failures="0" timestamp="2022-01-26T21:33:14 EST" time="8.638" errors="0">
  <testcase name="userAddingCategory" time="8.638" classname="test.Test1"/>
  <system-out/>
</testsuite> <!-- test.Test1 -->
