<?xml version="1.0" encoding="UTF-8"?>
<!-- Generated by org.testng.reporters.JUnitReportReporter -->
<testsuite skipped="0" hostname="DEVBHUMI" name="test.Test2" tests="1" failures="0" timestamp="2022-01-26T21:51:12 EST" time="8.092" errors="0">
  <testcase name="verifyingExistingCategory" time="8.092" classname="test.Test2"/>
  <system-out/>
</testsuite> <!-- test.Test2 -->
