<?xml version="1.0" encoding="UTF-8"?>
<!-- Generated by org.testng.reporters.JUnitReportReporter -->
<testsuite skipped="0" hostname="DEVBHUMI" name="test.Test3" tests="1" failures="0" timestamp="2022-01-26T21:58:35 EST" time="6.033" errors="0">
  <testcase name="verifyingAllMonthsDropdown" time="6.033" classname="test.Test3"/>
  <system-out/>
</testsuite> <!-- test.Test3 -->
